\BOOKMARK [1][-]{section.1}{Introduction}{}% 1
\BOOKMARK [1][-]{section.2}{Literature Review}{}% 2
\BOOKMARK [2][-]{subsection.2.1}{Word Embeddings}{section.2}% 3
\BOOKMARK [2][-]{subsection.2.2}{Types of Bias}{section.2}% 4
\BOOKMARK [3][-]{subsubsection.2.2.1}{Historical Bias}{subsection.2.2}% 5
\BOOKMARK [3][-]{subsubsection.2.2.2}{Representational Bias}{subsection.2.2}% 6
\BOOKMARK [3][-]{subsubsection.2.2.3}{Measurement Bias}{subsection.2.2}% 7
\BOOKMARK [3][-]{subsubsection.2.2.4}{Aggregation Bias}{subsection.2.2}% 8
\BOOKMARK [3][-]{subsubsection.2.2.5}{Evaluation Bias}{subsection.2.2}% 9
\BOOKMARK [2][-]{subsection.2.3}{Social Biases in Datasets}{section.2}% 10
\BOOKMARK [3][-]{subsubsection.2.3.1}{Gender Bias}{subsection.2.3}% 11
\BOOKMARK [3][-]{subsubsection.2.3.2}{Racial Bias}{subsection.2.3}% 12
\BOOKMARK [3][-]{subsubsection.2.3.3}{Religious Bias}{subsection.2.3}% 13
\BOOKMARK [2][-]{subsection.2.4}{Debiasing Techniques}{section.2}% 14
\BOOKMARK [3][-]{subsubsection.2.4.1}{Hard debiasing}{subsection.2.4}% 15
\BOOKMARK [3][-]{subsubsection.2.4.2}{Soft debiasing}{subsection.2.4}% 16
\BOOKMARK [3][-]{subsubsection.2.4.3}{Learning General Neutral Word Embeddings}{subsection.2.4}% 17
\BOOKMARK [1][-]{section.3}{Methodology}{}% 18
\BOOKMARK [2][-]{subsection.3.1}{Dataset and Word Embeddings}{section.3}% 19
\BOOKMARK [1][-]{section.4}{Experimentation and Results}{}% 20
\BOOKMARK [2][-]{subsection.4.1}{Identifying Bias}{section.4}% 21
\BOOKMARK [3][-]{subsubsection.4.1.1}{Gender Bias}{subsection.4.1}% 22
\BOOKMARK [3][-]{subsubsection.4.1.2}{Racial Bias}{subsection.4.1}% 23
\BOOKMARK [3][-]{subsubsection.4.1.3}{Religious Bias}{subsection.4.1}% 24
\BOOKMARK [3][-]{subsubsection.4.1.4}{Most biased words in gender}{subsection.4.1}% 25
\BOOKMARK [3][-]{subsubsection.4.1.5}{Most biased words in race}{subsection.4.1}% 26
\BOOKMARK [3][-]{subsubsection.4.1.6}{Most biased words in religion}{subsection.4.1}% 27
\BOOKMARK [2][-]{subsection.4.2}{Clustering of biased words}{section.4}% 28
\BOOKMARK [3][-]{subsubsection.4.2.1}{Clustering on Profession}{subsection.4.2}% 29
\BOOKMARK [3][-]{subsubsection.4.2.2}{Clustering on Common Words}{subsection.4.2}% 30
\BOOKMARK [2][-]{subsection.4.3}{Debiasing the word embeddings}{section.4}% 31
\BOOKMARK [3][-]{subsubsection.4.3.1}{For professions}{subsection.4.3}% 32
\BOOKMARK [3][-]{subsubsection.4.3.2}{For Common Words}{subsection.4.3}% 33
\BOOKMARK [2][-]{subsection.4.4}{Clustering after debiasing}{section.4}% 34
\BOOKMARK [3][-]{subsubsection.4.4.1}{Clustering on Profession}{subsection.4.4}% 35
\BOOKMARK [3][-]{subsubsection.4.4.2}{Clustering on Common Words}{subsection.4.4}% 36
\BOOKMARK [1][-]{section.5}{Proposed Algorithm}{}% 37
\BOOKMARK [1][-]{section.6}{Conclusion}{}% 38
\BOOKMARK [1][-]{section.7}{Future Scope}{}% 39
